{"total": {"lines":{"total":630,"covered":414,"skipped":0,"pct":65.71},"statements":{"total":709,"covered":450,"skipped":0,"pct":63.46},"functions":{"total":140,"covered":84,"skipped":0,"pct":60},"branches":{"total":616,"covered":340,"skipped":0,"pct":55.19},"branchesTrue":{"total":0,"covered":0,"skipped":0,"pct":100}}
,"/Users/macair/projects/game_protos/CuraFlow/src/components/AuthProvider.jsx": {"lines":{"total":150,"covered":88,"skipped":0,"pct":58.66},"functions":{"total":29,"covered":12,"skipped":0,"pct":41.37},"statements":{"total":154,"covered":89,"skipped":0,"pct":57.79},"branches":{"total":38,"covered":16,"skipped":0,"pct":42.1}}
,"/Users/macair/projects/game_protos/CuraFlow/src/components/schedule/costFunction.js": {"lines":{"total":238,"covered":137,"skipped":0,"pct":57.56},"functions":{"total":42,"covered":21,"skipped":0,"pct":50},"statements":{"total":283,"covered":147,"skipped":0,"pct":51.94},"branches":{"total":306,"covered":125,"skipped":0,"pct":40.84}}
,"/Users/macair/projects/game_protos/CuraFlow/src/components/schedule/staffingUtils.jsx": {"lines":{"total":27,"covered":27,"skipped":0,"pct":100},"functions":{"total":4,"covered":4,"skipped":0,"pct":100},"statements":{"total":31,"covered":31,"skipped":0,"pct":100},"branches":{"total":33,"covered":33,"skipped":0,"pct":100}}
,"/Users/macair/projects/game_protos/CuraFlow/src/components/staff/DoctorForm.jsx": {"lines":{"total":75,"covered":43,"skipped":0,"pct":57.33},"functions":{"total":29,"covered":16,"skipped":0,"pct":55.17},"statements":{"total":80,"covered":44,"skipped":0,"pct":55},"branches":{"total":83,"covered":41,"skipped":0,"pct":49.39}}
,"/Users/macair/projects/game_protos/CuraFlow/src/utils/autoFrei.js": {"lines":{"total":7,"covered":7,"skipped":0,"pct":100},"functions":{"total":1,"covered":1,"skipped":0,"pct":100},"statements":{"total":7,"covered":7,"skipped":0,"pct":100},"branches":{"total":6,"covered":6,"skipped":0,"pct":100}}
,"/Users/macair/projects/game_protos/CuraFlow/src/utils/dbTracker.js": {"lines":{"total":0,"covered":0,"skipped":0,"pct":0},"functions":{"total":0,"covered":0,"skipped":0,"pct":0},"statements":{"total":0,"covered":0,"skipped":0,"pct":0},"branches":{"total":0,"covered":0,"skipped":0,"pct":0}}
,"/Users/macair/projects/game_protos/CuraFlow/src/utils/doctorSorting.js": {"lines":{"total":12,"covered":6,"skipped":0,"pct":50},"functions":{"total":3,"covered":2,"skipped":0,"pct":66.66},"statements":{"total":13,"covered":7,"skipped":0,"pct":53.84},"branches":{"total":15,"covered":8,"skipped":0,"pct":53.33}}
,"/Users/macair/projects/game_protos/CuraFlow/src/utils/holidays.js": {"lines":{"total":0,"covered":0,"skipped":0,"pct":0},"functions":{"total":0,"covered":0,"skipped":0,"pct":0},"statements":{"total":0,"covered":0,"skipped":0,"pct":0},"branches":{"total":0,"covered":0,"skipped":0,"pct":0}}
,"/Users/macair/projects/game_protos/CuraFlow/src/utils/index.ts": {"lines":{"total":1,"covered":0,"skipped":0,"pct":0},"functions":{"total":1,"covered":0,"skipped":0,"pct":0},"statements":{"total":1,"covered":0,"skipped":0,"pct":0},"branches":{"total":0,"covered":0,"skipped":0,"pct":100}}
,"/Users/macair/projects/game_protos/CuraFlow/src/utils/shiftPositionUtils.js": {"lines":{"total":3,"covered":3,"skipped":0,"pct":100},"functions":{"total":2,"covered":2,"skipped":0,"pct":100},"statements":{"total":3,"covered":3,"skipped":0,"pct":100},"branches":{"total":2,"covered":2,"skipped":0,"pct":100}}
,"/Users/macair/projects/game_protos/CuraFlow/src/utils/staffingUtils.js": {"lines":{"total":0,"covered":0,"skipped":0,"pct":0},"functions":{"total":0,"covered":0,"skipped":0,"pct":0},"statements":{"total":0,"covered":0,"skipped":0,"pct":0},"branches":{"total":0,"covered":0,"skipped":0,"pct":0}}
,"/Users/macair/projects/game_protos/CuraFlow/src/utils/timeslotUtils.js": {"lines":{"total":67,"covered":53,"skipped":0,"pct":79.1},"functions":{"total":14,"covered":11,"skipped":0,"pct":78.57},"statements":{"total":72,"covered":58,"skipped":0,"pct":80.55},"branches":{"total":69,"covered":48,"skipped":0,"pct":69.56}}
,"/Users/macair/projects/game_protos/CuraFlow/src/utils/wishRange.js": {"lines":{"total":24,"covered":24,"skipped":0,"pct":100},"functions":{"total":6,"covered":6,"skipped":0,"pct":100},"statements":{"total":32,"covered":31,"skipped":0,"pct":96.87},"branches":{"total":36,"covered":33,"skipped":0,"pct":91.66}}
,"/Users/macair/projects/game_protos/CuraFlow/src/utils/workplaceCategoryUtils.js": {"lines":{"total":26,"covered":26,"skipped":0,"pct":100},"functions":{"total":9,"covered":9,"skipped":0,"pct":100},"statements":{"total":33,"covered":33,"skipped":0,"pct":100},"branches":{"total":28,"covered":28,"skipped":0,"pct":100}}
}
