TN:
SF:src/components/AuthProvider.jsx
FN:17,(anonymous_0)
FN:18,(anonymous_1)
FN:19,(anonymous_2)
FN:20,(anonymous_3)
FN:21,(anonymous_4)
FN:24,(anonymous_5)
FN:29,(anonymous_6)
FN:40,(anonymous_7)
FN:48,(anonymous_8)
FN:60,(anonymous_9)
FN:61,(anonymous_10)
FN:89,(anonymous_11)
FN:94,(anonymous_12)
FN:107,(anonymous_13)
FN:113,(anonymous_14)
FN:119,(anonymous_15)
FN:162,(anonymous_16)
FN:166,(anonymous_17)
FN:185,(anonymous_18)
FN:198,(anonymous_19)
FN:238,(anonymous_20)
FN:243,(anonymous_21)
FN:250,(anonymous_22)
FN:251,(anonymous_23)
FN:271,(anonymous_24)
FN:275,(anonymous_25)
FN:279,(anonymous_26)
FN:301,(anonymous_27)
FN:309,(anonymous_28)
FNF:29
FNH:12
FNDA:0,(anonymous_0)
FNDA:0,(anonymous_1)
FNDA:0,(anonymous_2)
FNDA:0,(anonymous_3)
FNDA:0,(anonymous_4)
FNDA:11,(anonymous_5)
FNDA:15,(anonymous_6)
FNDA:17,(anonymous_7)
FNDA:3,(anonymous_8)
FNDA:6,(anonymous_9)
FNDA:6,(anonymous_10)
FNDA:9,(anonymous_11)
FNDA:3,(anonymous_12)
FNDA:3,(anonymous_13)
FNDA:2,(anonymous_14)
FNDA:0,(anonymous_15)
FNDA:1,(anonymous_16)
FNDA:0,(anonymous_17)
FNDA:0,(anonymous_18)
FNDA:0,(anonymous_19)
FNDA:0,(anonymous_20)
FNDA:0,(anonymous_21)
FNDA:0,(anonymous_22)
FNDA:0,(anonymous_23)
FNDA:0,(anonymous_24)
FNDA:0,(anonymous_25)
FNDA:0,(anonymous_26)
FNDA:6,(anonymous_27)
FNDA:0,(anonymous_28)
DA:7,3
DA:9,3
DA:24,11
DA:26,3
DA:29,3
DA:30,15
DA:31,15
DA:32,15
DA:33,15
DA:34,15
DA:35,15
DA:36,15
DA:37,15
DA:38,15
DA:40,15
DA:41,17
DA:42,17
DA:44,0
DA:48,15
DA:49,3
DA:50,3
DA:51,2
DA:53,1
DA:56,0
DA:60,15
DA:61,6
DA:62,6
DA:64,6
DA:65,4
DA:66,4
DA:69,2
DA:70,2
DA:71,2
DA:72,1
DA:73,1
DA:74,1
DA:76,1
DA:78,1
DA:79,1
DA:80,1
DA:82,2
DA:86,6
DA:89,15
DA:90,9
DA:92,3
DA:94,3
DA:95,3
DA:96,3
DA:98,0
DA:99,0
DA:104,3
DA:105,3
DA:107,3
DA:108,3
DA:109,3
DA:113,15
DA:114,2
DA:117,2
DA:119,2
DA:120,0
DA:122,2
DA:124,0
DA:127,2
DA:128,2
DA:130,2
DA:131,2
DA:132,2
DA:133,2
DA:134,2
DA:137,2
DA:138,2
DA:139,2
DA:140,2
DA:141,1
DA:143,1
DA:144,1
DA:145,1
DA:146,1
DA:149,1
DA:150,1
DA:152,0
DA:155,1
DA:159,2
DA:162,15
DA:163,1
DA:166,15
DA:167,0
DA:168,0
DA:169,0
DA:170,0
DA:171,0
DA:172,0
DA:176,0
DA:177,0
DA:179,0
DA:182,0
DA:185,15
DA:186,0
DA:187,0
DA:189,0
DA:190,0
DA:191,0
DA:192,0
DA:194,0
DA:198,15
DA:199,0
DA:200,0
DA:201,0
DA:202,0
DA:203,0
DA:206,0
DA:207,0
DA:208,0
DA:209,0
DA:212,15
DA:214,15
DA:238,3
DA:239,0
DA:240,0
DA:241,0
DA:243,0
DA:244,0
DA:245,0
DA:246,0
DA:250,0
DA:251,0
DA:252,0
DA:253,0
DA:254,0
DA:255,0
DA:256,0
DA:257,0
DA:260,0
DA:261,0
DA:263,0
DA:266,0
DA:269,0
DA:271,0
DA:272,0
DA:275,0
DA:276,0
DA:279,0
DA:280,0
DA:281,0
DA:284,0
DA:301,3
DA:302,6
DA:303,6
DA:305,0
DA:309,3
LF:150
LH:88
BRDA:50,0,0,2
BRDA:50,0,1,1
BRDA:64,1,0,4
BRDA:64,1,1,2
BRDA:90,2,0,6
BRDA:90,2,1,3
BRDA:90,3,0,9
BRDA:90,3,1,3
BRDA:98,4,0,0
BRDA:98,4,1,0
BRDA:143,5,0,1
BRDA:143,5,1,0
BRDA:143,6,0,1
BRDA:143,6,1,1
BRDA:186,7,0,0
BRDA:186,7,1,0
BRDA:187,8,0,0
BRDA:187,8,1,0
BRDA:199,9,0,0
BRDA:199,9,1,0
BRDA:200,10,0,0
BRDA:200,10,1,0
BRDA:201,11,0,0
BRDA:201,11,1,0
BRDA:201,12,0,0
BRDA:201,12,1,0
BRDA:212,13,0,15
BRDA:212,13,1,4
BRDA:220,14,0,15
BRDA:220,14,1,11
BRDA:244,15,0,0
BRDA:244,15,1,0
BRDA:255,16,0,0
BRDA:255,16,1,0
BRDA:269,17,0,0
BRDA:269,17,1,0
BRDA:302,18,0,6
BRDA:302,18,1,0
BRF:38
BRH:16
end_of_record
TN:
SF:src/components/schedule/costFunction.js
FN:76,(anonymous_0)
FN:120,(anonymous_1)
FN:168,(anonymous_2)
FN:239,(anonymous_3)
FN:244,(anonymous_4)
FN:251,(anonymous_5)
FN:257,(anonymous_6)
FN:264,(anonymous_7)
FN:266,(anonymous_8)
FN:280,(anonymous_9)
FN:299,(anonymous_10)
FN:301,(anonymous_11)
FN:302,(anonymous_12)
FN:304,(anonymous_13)
FN:317,(anonymous_14)
FN:339,(anonymous_15)
FN:341,(anonymous_16)
FN:350,(anonymous_17)
FN:359,(anonymous_18)
FN:380,(anonymous_19)
FN:403,(anonymous_20)
FN:417,(anonymous_21)
FN:418,(anonymous_22)
FN:422,(anonymous_23)
FN:426,(anonymous_24)
FN:450,(anonymous_25)
FN:470,(anonymous_26)
FN:485,(anonymous_27)
FN:492,(anonymous_28)
FN:496,(anonymous_29)
FN:533,(anonymous_30)
FN:545,(anonymous_31)
FN:546,(anonymous_32)
FN:547,(anonymous_33)
FN:554,(anonymous_34)
FN:563,(anonymous_35)
FN:584,(anonymous_36)
FN:592,(anonymous_37)
FN:593,(anonymous_38)
FN:615,(anonymous_39)
FN:616,(anonymous_40)
FN:617,(anonymous_41)
FNF:42
FNH:21
FNDA:16,(anonymous_0)
FNDA:0,(anonymous_1)
FNDA:16,(anonymous_2)
FNDA:16,(anonymous_3)
FNDA:1,(anonymous_4)
FNDA:1,(anonymous_5)
FNDA:2,(anonymous_6)
FNDA:2,(anonymous_7)
FNDA:1,(anonymous_8)
FNDA:15,(anonymous_9)
FNDA:15,(anonymous_10)
FNDA:2,(anonymous_11)
FNDA:2,(anonymous_12)
FNDA:0,(anonymous_13)
FNDA:15,(anonymous_14)
FNDA:15,(anonymous_15)
FNDA:2,(anonymous_16)
FNDA:1,(anonymous_17)
FNDA:1,(anonymous_18)
FNDA:14,(anonymous_19)
FNDA:14,(anonymous_20)
FNDA:0,(anonymous_21)
FNDA:0,(anonymous_22)
FNDA:0,(anonymous_23)
FNDA:0,(anonymous_24)
FNDA:14,(anonymous_25)
FNDA:14,(anonymous_26)
FNDA:0,(anonymous_27)
FNDA:0,(anonymous_28)
FNDA:0,(anonymous_29)
FNDA:0,(anonymous_30)
FNDA:0,(anonymous_31)
FNDA:0,(anonymous_32)
FNDA:0,(anonymous_33)
FNDA:0,(anonymous_34)
FNDA:0,(anonymous_35)
FNDA:0,(anonymous_36)
FNDA:0,(anonymous_37)
FNDA:0,(anonymous_38)
FNDA:0,(anonymous_39)
FNDA:0,(anonymous_40)
FNDA:0,(anonymous_41)
DA:26,1
DA:102,16
DA:103,16
DA:104,16
DA:105,16
DA:106,16
DA:107,16
DA:108,16
DA:109,16
DA:110,16
DA:111,16
DA:112,16
DA:113,16
DA:114,16
DA:115,16
DA:116,16
DA:117,16
DA:118,16
DA:120,16
DA:121,0
DA:122,0
DA:123,0
DA:125,16
DA:126,16
DA:127,16
DA:128,16
DA:129,16
DA:130,16
DA:133,16
DA:134,16
DA:135,16
DA:136,16
DA:137,16
DA:140,16
DA:141,16
DA:142,16
DA:169,16
DA:172,16
DA:173,16
DA:174,15
DA:177,15
DA:180,15
DA:181,15
DA:185,15
DA:186,15
DA:188,15
DA:189,15
DA:194,15
DA:195,15
DA:196,15
DA:197,14
DA:201,14
DA:202,14
DA:206,14
DA:207,16
DA:210,16
DA:211,14
DA:212,14
DA:216,14
DA:217,0
DA:221,14
DA:222,14
DA:223,14
DA:224,14
DA:228,14
DA:229,14
DA:232,14
DA:240,16
DA:243,16
DA:244,16
DA:245,1
DA:249,15
DA:250,16
DA:251,16
DA:252,1
DA:256,15
DA:257,16
DA:258,1
DA:262,15
DA:263,16
DA:264,2
DA:265,1
DA:266,1
DA:267,0
DA:269,1
DA:273,15
DA:281,15
DA:282,15
DA:284,2
DA:285,2
DA:287,15
DA:288,1
DA:289,1
DA:292,1
DA:293,1
DA:296,0
DA:300,15
DA:301,2
DA:303,2
DA:304,0
DA:305,0
DA:307,0
DA:309,2
DA:318,15
DA:319,15
DA:322,15
DA:323,15
DA:324,0
DA:325,15
DA:326,0
DA:328,15
DA:332,15
DA:341,15
DA:342,2
DA:347,15
DA:350,14
DA:351,1
DA:356,14
DA:359,14
DA:360,1
DA:365,14
DA:366,1
DA:367,1
DA:373,13
DA:381,14
DA:382,14
DA:384,14
DA:385,14
DA:386,14
DA:387,14
DA:388,14
DA:390,14
DA:391,14
DA:392,14
DA:394,14
DA:404,14
DA:407,14
DA:410,14
DA:413,0
DA:414,0
DA:415,0
DA:417,0
DA:418,0
DA:419,0
DA:420,0
DA:422,0
DA:423,0
DA:427,0
DA:432,14
DA:433,0
DA:436,0
DA:438,0
DA:441,0
DA:451,14
DA:452,14
DA:455,14
DA:456,0
DA:462,14
DA:463,0
DA:466,14
DA:470,14
DA:471,14
DA:476,14
DA:477,0
DA:478,0
DA:479,0
DA:481,0
DA:485,0
DA:486,0
DA:487,0
DA:490,0
DA:491,0
DA:492,0
DA:495,0
DA:496,0
DA:498,0
DA:501,0
DA:502,0
DA:504,0
DA:506,0
DA:507,0
DA:509,0
DA:510,0
DA:512,0
DA:517,14
DA:534,0
DA:535,0
DA:538,0
DA:539,0
DA:540,0
DA:541,0
DA:542,0
DA:545,0
DA:546,0
DA:547,0
DA:548,0
DA:551,0
DA:552,0
DA:553,0
DA:554,0
DA:555,0
DA:557,0
DA:563,0
DA:564,0
DA:568,0
DA:569,0
DA:570,0
DA:571,0
DA:573,0
DA:574,0
DA:575,0
DA:578,0
DA:583,0
DA:584,0
DA:586,0
DA:587,0
DA:588,0
DA:590,0
DA:591,0
DA:592,0
DA:593,0
DA:594,0
DA:596,0
DA:598,0
DA:599,0
DA:600,0
DA:601,0
DA:607,0
DA:608,0
DA:609,0
DA:610,0
DA:611,0
DA:612,0
DA:615,0
DA:616,0
DA:617,0
DA:618,0
DA:620,0
LF:238
LH:137
BRDA:106,0,0,16
BRDA:106,0,1,0
BRDA:112,1,0,16
BRDA:112,1,1,0
BRDA:113,2,0,16
BRDA:113,2,1,0
BRDA:114,3,0,16
BRDA:114,3,1,0
BRDA:117,4,0,16
BRDA:117,4,1,0
BRDA:117,5,0,0
BRDA:117,5,1,0
BRDA:118,6,0,16
BRDA:118,6,1,0
BRDA:118,7,0,0
BRDA:118,7,1,0
BRDA:120,8,0,16
BRDA:120,8,1,0
BRDA:121,9,0,0
BRDA:121,9,1,0
BRDA:122,10,0,0
BRDA:122,10,1,0
BRDA:129,11,0,16
BRDA:129,11,1,0
BRDA:168,12,0,16
BRDA:173,13,0,1
BRDA:173,13,1,15
BRDA:180,14,0,15
BRDA:180,14,1,0
BRDA:185,15,0,15
BRDA:185,15,1,0
BRDA:185,16,0,15
BRDA:185,16,1,15
BRDA:186,17,0,15
BRDA:186,17,1,15
BRDA:188,18,0,15
BRDA:188,18,1,0
BRDA:194,19,0,15
BRDA:194,19,1,0
BRDA:196,20,0,1
BRDA:196,20,1,14
BRDA:201,21,0,14
BRDA:201,21,1,0
BRDA:201,22,0,14
BRDA:201,22,1,0
BRDA:206,23,0,14
BRDA:206,23,1,14
BRDA:210,24,0,14
BRDA:210,24,1,2
BRDA:211,25,0,14
BRDA:211,25,1,14
BRDA:216,26,0,0
BRDA:216,26,1,14
BRDA:216,27,0,14
BRDA:216,27,1,0
BRDA:221,28,0,14
BRDA:221,28,1,0
BRDA:223,29,0,0
BRDA:223,29,1,14
BRDA:228,30,0,14
BRDA:228,30,1,0
BRDA:240,31,0,16
BRDA:240,31,1,0
BRDA:243,32,0,16
BRDA:243,32,1,0
BRDA:244,33,0,1
BRDA:244,33,1,15
BRDA:244,34,0,16
BRDA:244,34,1,1
BRDA:249,35,0,15
BRDA:249,35,1,0
BRDA:251,36,0,1
BRDA:251,36,1,15
BRDA:251,37,0,16
BRDA:251,37,1,1
BRDA:256,38,0,15
BRDA:256,38,1,0
BRDA:257,39,0,1
BRDA:257,39,1,15
BRDA:257,40,0,16
BRDA:257,40,1,2
BRDA:262,41,0,15
BRDA:262,41,1,0
BRDA:263,42,0,2
BRDA:263,42,1,14
BRDA:264,43,0,1
BRDA:264,43,1,1
BRDA:266,44,0,0
BRDA:266,44,1,1
BRDA:282,45,0,13
BRDA:282,45,1,2
BRDA:285,46,0,2
BRDA:285,46,1,1
BRDA:287,47,0,1
BRDA:287,47,1,14
BRDA:288,48,0,1
BRDA:288,48,1,1
BRDA:289,49,0,0
BRDA:289,49,1,1
BRDA:292,50,0,1
BRDA:292,50,1,0
BRDA:301,51,0,2
BRDA:301,51,1,2
BRDA:301,51,2,2
BRDA:303,52,0,0
BRDA:303,52,1,2
BRDA:305,53,0,0
BRDA:305,53,1,0
BRDA:307,54,0,0
BRDA:307,54,1,0
BRDA:318,55,0,15
BRDA:318,55,1,15
BRDA:319,56,0,15
BRDA:319,56,1,0
BRDA:323,57,0,0
BRDA:323,57,1,15
BRDA:325,58,0,0
BRDA:325,58,1,15
BRDA:328,59,0,15
BRDA:328,59,1,15
BRDA:328,60,0,15
BRDA:328,60,1,15
BRDA:332,61,0,15
BRDA:332,61,1,0
BRDA:342,62,0,2
BRDA:342,62,1,2
BRDA:342,62,2,2
BRDA:342,62,3,1
BRDA:347,63,0,1
BRDA:347,63,1,14
BRDA:351,64,0,1
BRDA:351,64,1,1
BRDA:351,64,2,1
BRDA:351,64,3,0
BRDA:356,65,0,0
BRDA:356,65,1,14
BRDA:360,66,0,1
BRDA:360,66,1,1
BRDA:360,66,2,1
BRDA:360,66,3,1
BRDA:360,66,4,0
BRDA:365,67,0,1
BRDA:365,67,1,13
BRDA:366,68,0,1
BRDA:366,68,1,0
BRDA:366,69,0,1
BRDA:366,69,1,1
BRDA:367,70,0,1
BRDA:367,70,1,0
BRDA:381,71,0,14
BRDA:381,71,1,14
BRDA:382,72,0,14
BRDA:382,72,1,0
BRDA:388,73,0,14
BRDA:388,73,1,14
BRDA:388,73,2,0
BRDA:390,74,0,0
BRDA:390,74,1,14
BRDA:390,75,0,14
BRDA:390,75,1,0
BRDA:391,76,0,0
BRDA:391,76,1,14
BRDA:391,77,0,14
BRDA:391,77,1,0
BRDA:392,78,0,0
BRDA:392,78,1,14
BRDA:392,79,0,14
BRDA:392,79,1,0
BRDA:404,80,0,0
BRDA:404,80,1,14
BRDA:407,81,0,14
BRDA:407,81,1,14
BRDA:408,82,0,0
BRDA:408,82,1,14
BRDA:410,83,0,14
BRDA:410,83,1,0
BRDA:422,84,0,0
BRDA:422,84,1,0
BRDA:423,85,0,0
BRDA:423,85,1,0
BRDA:423,85,2,0
BRDA:423,85,3,0
BRDA:426,86,0,0
BRDA:426,86,1,0
BRDA:427,87,0,0
BRDA:427,87,1,0
BRDA:427,87,2,0
BRDA:427,87,3,0
BRDA:432,88,0,0
BRDA:432,88,1,14
BRDA:432,89,0,14
BRDA:432,89,1,0
BRDA:436,90,0,0
BRDA:436,90,1,0
BRDA:438,91,0,0
BRDA:438,91,1,0
BRDA:452,92,0,0
BRDA:452,92,1,14
BRDA:452,93,0,14
BRDA:452,93,1,14
BRDA:455,94,0,0
BRDA:455,94,1,14
BRDA:455,95,0,14
BRDA:455,95,1,0
BRDA:462,96,0,0
BRDA:462,96,1,14
BRDA:471,97,0,14
BRDA:471,97,1,0
BRDA:471,97,2,0
BRDA:477,98,0,0
BRDA:477,98,1,0
BRDA:478,99,0,0
BRDA:478,99,1,0
BRDA:478,100,0,0
BRDA:478,100,1,0
BRDA:479,101,0,0
BRDA:479,101,1,0
BRDA:481,102,0,0
BRDA:481,102,1,0
BRDA:486,103,0,0
BRDA:486,103,1,0
BRDA:487,104,0,0
BRDA:487,104,1,0
BRDA:490,105,0,0
BRDA:490,105,1,0
BRDA:491,106,0,0
BRDA:491,106,1,0
BRDA:492,107,0,0
BRDA:492,107,1,0
BRDA:492,108,0,0
BRDA:492,108,1,0
BRDA:495,109,0,0
BRDA:495,109,1,0
BRDA:496,110,0,0
BRDA:496,110,1,0
BRDA:496,111,0,0
BRDA:496,111,1,0
BRDA:504,112,0,0
BRDA:504,112,1,0
BRDA:504,113,0,0
BRDA:504,113,1,0
BRDA:507,114,0,0
BRDA:507,114,1,0
BRDA:509,115,0,0
BRDA:509,115,1,0
BRDA:541,116,0,0
BRDA:541,116,1,0
BRDA:541,117,0,0
BRDA:541,117,1,0
BRDA:542,118,0,0
BRDA:542,118,1,0
BRDA:545,119,0,0
BRDA:545,119,1,0
BRDA:545,120,0,0
BRDA:545,120,1,0
BRDA:546,121,0,0
BRDA:546,121,1,0
BRDA:547,122,0,0
BRDA:547,122,1,0
BRDA:553,123,0,0
BRDA:553,123,1,0
BRDA:553,124,0,0
BRDA:553,124,1,0
BRDA:555,125,0,0
BRDA:555,125,1,0
BRDA:555,125,2,0
BRDA:557,126,0,0
BRDA:557,126,1,0
BRDA:564,127,0,0
BRDA:564,127,1,0
BRDA:569,128,0,0
BRDA:569,128,1,0
BRDA:569,129,0,0
BRDA:569,129,1,0
BRDA:571,130,0,0
BRDA:571,130,1,0
BRDA:574,131,0,0
BRDA:574,131,1,0
BRDA:587,132,0,0
BRDA:587,132,1,0
BRDA:588,133,0,0
BRDA:588,133,1,0
BRDA:590,134,0,0
BRDA:590,134,1,0
BRDA:590,135,0,0
BRDA:590,135,1,0
BRDA:591,136,0,0
BRDA:591,136,1,0
BRDA:594,137,0,0
BRDA:594,137,1,0
BRDA:598,138,0,0
BRDA:598,138,1,0
BRDA:600,139,0,0
BRDA:600,139,1,0
BRDA:611,140,0,0
BRDA:611,140,1,0
BRDA:612,141,0,0
BRDA:612,141,1,0
BRDA:615,142,0,0
BRDA:615,142,1,0
BRDA:615,143,0,0
BRDA:615,143,1,0
BRDA:616,144,0,0
BRDA:616,144,1,0
BRDA:617,145,0,0
BRDA:617,145,1,0
BRF:306
BRH:125
end_of_record
TN:
SF:src/components/schedule/staffingUtils.jsx
FN:1,isDoctorAvailable
FN:16,(anonymous_1)
FN:57,calculateWeeklyTargetHours
FN:61,(anonymous_3)
FNF:4
FNH:4
FNDA:11,isDoctorAvailable
FNDA:6,(anonymous_1)
FNDA:8,calculateWeeklyTargetHours
FNDA:5,(anonymous_3)
DA:3,11
DA:4,2
DA:5,2
DA:6,2
DA:7,2
DA:10,2
DA:14,10
DA:15,10
DA:16,10
DA:19,10
DA:22,11
DA:23,6
DA:24,4
DA:25,3
DA:27,1
DA:35,10
DA:37,10
DA:41,7
DA:43,7
DA:45,4
DA:58,8
DA:59,8
DA:61,8
DA:62,5
DA:63,5
DA:65,5
DA:67,8
LF:27
LH:27
BRDA:3,0,0,2
BRDA:3,0,1,9
BRDA:10,1,0,1
BRDA:10,1,1,1
BRDA:16,2,0,6
BRDA:16,2,1,6
BRDA:16,2,2,6
BRDA:19,3,0,6
BRDA:19,3,1,4
BRDA:22,4,0,6
BRDA:22,4,1,4
BRDA:22,5,0,11
BRDA:22,5,1,6
BRDA:22,5,2,6
BRDA:24,6,0,3
BRDA:24,6,1,1
BRDA:24,7,0,4
BRDA:24,7,1,3
BRDA:24,7,2,3
BRDA:37,8,0,3
BRDA:37,8,1,7
BRDA:37,9,0,10
BRDA:37,9,1,9
BRDA:37,9,2,8
BRDA:43,10,0,3
BRDA:43,10,1,4
BRDA:43,11,0,7
BRDA:43,11,1,7
BRDA:57,12,0,8
BRDA:57,13,0,8
BRDA:57,14,0,8
BRDA:65,15,0,5
BRDA:65,15,1,5
BRF:33
BRH:33
end_of_record
TN:
SF:src/components/staff/DoctorForm.jsx
FN:17,(anonymous_0)
FN:27,DoctorForm
FN:38,(anonymous_2)
FN:44,(anonymous_3)
FN:57,(anonymous_4)
FN:66,(anonymous_5)
FN:80,(anonymous_6)
FN:109,(anonymous_7)
FN:136,(anonymous_8)
FN:137,(anonymous_9)
FN:138,(anonymous_10)
FN:142,(anonymous_11)
FN:154,(anonymous_12)
FN:189,(anonymous_13)
FN:200,(anonymous_14)
FN:209,(anonymous_15)
FN:215,(anonymous_16)
FN:232,(anonymous_17)
FN:255,(anonymous_18)
FN:271,(anonymous_19)
FN:282,(anonymous_20)
FN:283,(anonymous_21)
FN:301,(anonymous_22)
FN:314,(anonymous_23)
FN:329,(anonymous_24)
FN:342,(anonymous_25)
FN:349,(anonymous_26)
FN:353,(anonymous_27)
FN:357,(anonymous_28)
FNF:29
FNH:16
FNDA:5,(anonymous_0)
FNDA:65,DoctorForm
FNDA:2,(anonymous_2)
FNDA:2,(anonymous_3)
FNDA:6,(anonymous_4)
FNDA:0,(anonymous_5)
FNDA:0,(anonymous_6)
FNDA:2,(anonymous_7)
FNDA:1,(anonymous_8)
FNDA:1,(anonymous_9)
FNDA:0,(anonymous_10)
FNDA:2,(anonymous_11)
FNDA:1,(anonymous_12)
FNDA:24,(anonymous_13)
FNDA:5,(anonymous_14)
FNDA:0,(anonymous_15)
FNDA:325,(anonymous_16)
FNDA:13,(anonymous_17)
FNDA:13,(anonymous_18)
FNDA:0,(anonymous_19)
FNDA:0,(anonymous_20)
FNDA:0,(anonymous_21)
FNDA:3,(anonymous_22)
FNDA:0,(anonymous_23)
FNDA:0,(anonymous_24)
FNDA:0,(anonymous_25)
FNDA:0,(anonymous_26)
FNDA:0,(anonymous_27)
FNDA:0,(anonymous_28)
DA:17,5
DA:18,1
DA:29,65
DA:30,65
DA:33,65
DA:36,65
DA:38,2
DA:42,65
DA:45,2
DA:46,2
DA:47,2
DA:49,0
DA:54,65
DA:55,65
DA:57,65
DA:58,6
DA:67,0
DA:68,0
DA:80,65
DA:81,0
DA:82,0
DA:83,0
DA:84,0
DA:86,0
DA:87,0
DA:88,0
DA:92,0
DA:94,0
DA:96,0
DA:100,65
DA:109,65
DA:110,2
DA:111,0
DA:118,0
DA:119,2
DA:121,2
DA:132,2
DA:136,65
DA:137,1
DA:138,1
DA:142,65
DA:143,2
DA:146,2
DA:147,2
DA:148,0
DA:149,0
DA:153,2
DA:154,1
DA:157,2
DA:158,1
DA:159,1
DA:163,1
DA:173,2
DA:176,65
DA:189,24
DA:200,5
DA:209,0
DA:216,325
DA:232,13
DA:255,13
DA:271,0
DA:283,0
DA:284,0
DA:301,3
DA:314,0
DA:329,0
DA:342,0
DA:350,0
DA:351,0
DA:352,0
DA:353,0
DA:354,0
DA:355,0
DA:356,0
DA:357,0
LF:75
LH:43
BRDA:30,0,0,61
BRDA:30,0,1,4
BRDA:33,1,0,65
BRDA:33,1,1,0
BRDA:36,2,0,65
BRDA:42,3,0,65
BRDA:47,4,0,2
BRDA:47,4,1,0
BRDA:67,5,0,0
BRDA:67,5,1,0
BRDA:72,6,0,0
BRDA:72,6,1,0
BRDA:82,7,0,0
BRDA:82,7,1,0
BRDA:92,8,0,0
BRDA:92,8,1,0
BRDA:94,9,0,0
BRDA:94,9,1,0
BRDA:101,10,0,65
BRDA:101,10,1,65
BRDA:110,11,0,0
BRDA:110,11,1,2
BRDA:113,12,0,0
BRDA:113,12,1,0
BRDA:114,13,0,0
BRDA:114,13,1,0
BRDA:115,14,0,0
BRDA:115,14,1,0
BRDA:119,15,0,2
BRDA:119,15,1,0
BRDA:138,16,0,0
BRDA:138,16,1,1
BRDA:147,17,0,0
BRDA:147,17,1,2
BRDA:154,18,0,1
BRDA:154,18,1,1
BRDA:157,19,0,1
BRDA:157,19,1,1
BRDA:166,20,0,1
BRDA:166,20,1,0
BRDA:167,21,0,0
BRDA:167,21,1,1
BRDA:169,22,0,1
BRDA:169,22,1,0
BRDA:170,23,0,2
BRDA:170,23,1,1
BRDA:180,24,0,0
BRDA:180,24,1,65
BRDA:231,25,0,65
BRDA:231,25,1,35
BRDA:241,26,0,65
BRDA:241,26,1,30
BRDA:244,27,0,0
BRDA:244,27,1,65
BRDA:254,28,0,65
BRDA:254,28,1,48
BRDA:270,29,0,63
BRDA:270,29,1,2
BRDA:276,30,0,0
BRDA:276,30,1,65
BRDA:284,31,0,0
BRDA:284,31,1,0
BRDA:284,31,2,0
BRDA:300,32,0,65
BRDA:300,32,1,61
BRDA:313,33,0,65
BRDA:313,33,1,65
BRDA:328,34,0,65
BRDA:328,34,1,65
BRDA:340,35,0,65
BRDA:340,35,1,0
BRDA:348,36,0,65
BRDA:348,36,1,65
BRDA:350,37,0,0
BRDA:350,37,1,0
BRDA:352,38,0,0
BRDA:352,38,1,0
BRDA:354,39,0,0
BRDA:354,39,1,0
BRDA:356,40,0,0
BRDA:356,40,1,0
BRDA:356,41,0,0
BRDA:356,41,1,0
BRF:83
BRH:41
end_of_record
TN:
SF:src/utils/autoFrei.js
FN:3,getAutoFreiDate
FNF:1
FNH:1
FNDA:7,getAutoFreiDate
DA:4,7
DA:5,7
DA:6,7
DA:7,7
DA:9,7
DA:10,4
DA:13,3
LF:7
LH:7
BRDA:6,0,0,7
BRDA:6,0,1,5
BRDA:9,1,0,4
BRDA:9,1,1,3
BRDA:9,2,0,7
BRDA:9,2,1,4
BRF:6
BRH:6
end_of_record
TN:
SF:src/utils/dbTracker.js
FNF:0
FNH:0
LF:0
LH:0
BRF:0
BRH:0
end_of_record
TN:
SF:src/utils/doctorSorting.js
FN:1,(anonymous_0)
FN:14,(anonymous_1)
FN:15,(anonymous_2)
FNF:3
FNH:2
FNDA:0,(anonymous_0)
FNDA:7,(anonymous_1)
FNDA:8,(anonymous_2)
DA:1,1
DA:2,0
DA:3,0
DA:6,0
DA:7,0
DA:8,0
DA:10,0
DA:14,1
DA:15,7
DA:16,8
DA:17,8
DA:19,1
LF:12
LH:6
BRDA:2,0,0,0
BRDA:2,0,1,0
BRDA:8,1,0,0
BRDA:8,1,1,0
BRDA:14,2,0,7
BRDA:16,3,0,8
BRDA:16,3,1,0
BRDA:16,4,0,8
BRDA:16,4,1,2
BRDA:17,5,0,7
BRDA:17,5,1,1
BRDA:19,6,0,1
BRDA:19,6,1,0
BRDA:19,7,0,8
BRDA:19,7,1,0
BRF:15
BRH:8
end_of_record
TN:
SF:src/utils/holidays.js
FNF:0
FNH:0
LF:0
LH:0
BRF:0
BRH:0
end_of_record
TN:
SF:src/utils/index.ts
FN:4,createPageUrl
FNF:1
FNH:0
FNDA:0,createPageUrl
DA:5,0
LF:1
LH:0
BRF:0
BRH:0
end_of_record
TN:
SF:src/utils/shiftPositionUtils.js
FN:20,normalizeShiftPosition
FN:28,isNonWorkingShiftPosition
FNF:2
FNH:2
FNDA:35,normalizeShiftPosition
FNDA:30,isNonWorkingShiftPosition
DA:1,3
DA:21,35
DA:29,30
LF:3
LH:3
BRDA:21,0,0,35
BRDA:21,0,1,4
BRF:2
BRH:2
end_of_record
TN:
SF:src/utils/staffingUtils.js
FNF:0
FNH:0
LF:0
LH:0
BRF:0
BRH:0
end_of_record
TN:
SF:src/utils/timeslotUtils.js
FN:13,timeToMinutes
FN:24,minutesToTime
FN:37,spansMidnight
FN:49,calculateDurationMinutes
FN:68,calculateShiftHours
FN:91,timeslotsOverlap
FN:94,(anonymous_6)
FN:138,formatTimeslotLabel
FN:157,formatTimeslotShort
FN:170,createFullDayTimeslot
FN:188,aggregateWorkingHours
FN:205,(anonymous_11)
FN:222,parseDroppableId
FN:241,createDroppableId
FNF:14
FNH:11
FNDA:52,timeToMinutes
FNDA:7,minutesToTime
FNDA:8,spansMidnight
FNDA:6,calculateDurationMinutes
FNDA:4,calculateShiftHours
FNDA:6,timeslotsOverlap
FNDA:8,(anonymous_6)
FNDA:4,formatTimeslotLabel
FNDA:2,formatTimeslotShort
FNDA:0,createFullDayTimeslot
FNDA:0,aggregateWorkingHours
FNDA:0,(anonymous_11)
FNDA:6,parseDroppableId
FNDA:4,createDroppableId
DA:14,52
DA:15,49
DA:16,49
DA:25,7
DA:26,7
DA:27,7
DA:28,7
DA:38,8
DA:39,8
DA:40,8
DA:50,6
DA:51,6
DA:54,6
DA:55,3
DA:58,6
DA:69,4
DA:71,2
DA:74,2
DA:79,2
DA:92,6
DA:94,4
DA:95,8
DA:96,8
DA:99,8
DA:100,1
DA:103,8
DA:109,4
DA:110,4
DA:113,4
DA:114,1
DA:119,3
DA:120,3
DA:121,1
DA:125,2
DA:126,2
DA:127,0
DA:130,2
DA:139,4
DA:141,3
DA:142,4
DA:143,4
DA:145,4
DA:146,2
DA:149,1
DA:158,2
DA:160,1
DA:161,2
DA:163,2
DA:171,0
DA:189,0
DA:191,0
DA:192,0
DA:193,0
DA:197,0
DA:198,0
DA:199,0
DA:204,0
DA:205,0
DA:208,0
DA:210,0
DA:214,0
DA:223,6
DA:225,4
DA:227,4
DA:242,4
DA:243,2
DA:245,2
LF:67
LH:53
BRDA:14,0,0,3
BRDA:14,0,1,49
BRDA:54,1,0,3
BRDA:54,1,1,3
BRDA:68,2,0,4
BRDA:69,3,0,2
BRDA:69,3,1,2
BRDA:91,4,0,6
BRDA:92,5,0,2
BRDA:92,5,1,4
BRDA:92,6,0,6
BRDA:92,6,1,5
BRDA:99,7,0,1
BRDA:99,7,1,7
BRDA:113,8,0,1
BRDA:113,8,1,3
BRDA:113,9,0,4
BRDA:113,9,1,3
BRDA:120,10,0,1
BRDA:120,10,1,2
BRDA:120,11,0,3
BRDA:120,11,1,3
BRDA:126,12,0,0
BRDA:126,12,1,2
BRDA:126,13,0,2
BRDA:126,13,1,0
BRDA:139,14,0,1
BRDA:139,14,1,3
BRDA:141,15,0,3
BRDA:141,15,1,0
BRDA:142,16,0,4
BRDA:142,16,1,0
BRDA:145,17,0,2
BRDA:145,17,1,2
BRDA:146,18,0,1
BRDA:146,18,1,1
BRDA:149,19,0,0
BRDA:149,19,1,1
BRDA:158,20,0,1
BRDA:158,20,1,1
BRDA:160,21,0,1
BRDA:160,21,1,0
BRDA:161,22,0,2
BRDA:161,22,1,0
BRDA:192,23,0,0
BRDA:192,23,1,0
BRDA:197,24,0,0
BRDA:197,24,1,0
BRDA:198,25,0,0
BRDA:198,25,1,0
BRDA:198,26,0,0
BRDA:198,26,1,0
BRDA:204,27,0,0
BRDA:204,27,1,0
BRDA:211,28,0,0
BRDA:211,28,1,0
BRDA:223,29,0,2
BRDA:223,29,1,4
BRDA:228,30,0,4
BRDA:228,30,1,0
BRDA:229,31,0,6
BRDA:229,31,1,0
BRDA:230,32,0,2
BRDA:230,32,1,2
BRDA:230,33,0,6
BRDA:230,33,1,3
BRDA:241,34,0,4
BRDA:242,35,0,2
BRDA:242,35,1,2
BRF:69
BRH:48
end_of_record
TN:
SF:src/utils/wishRange.js
FN:3,(anonymous_0)
FN:12,(anonymous_1)
FN:14,(anonymous_2)
FN:16,(anonymous_3)
FN:22,(anonymous_4)
FN:31,(anonymous_5)
FNF:6
FNH:6
FNDA:49,(anonymous_0)
FNDA:20,(anonymous_1)
FNDA:20,(anonymous_2)
FNDA:4,(anonymous_3)
FNDA:9,(anonymous_4)
FNDA:3,(anonymous_5)
DA:3,1
DA:4,49
DA:5,37
DA:7,1
DA:8,49
DA:9,1
DA:12,20
DA:14,20
DA:16,1
DA:17,4
DA:18,4
DA:19,4
DA:22,1
DA:23,9
DA:24,9
DA:25,9
DA:27,9
DA:28,7
DA:31,1
DA:32,3
DA:33,3
DA:35,3
DA:36,2
DA:37,1
LF:24
LH:24
BRDA:4,0,0,12
BRDA:4,0,1,37
BRDA:5,1,0,36
BRDA:5,1,1,1
BRDA:5,2,0,37
BRDA:5,2,1,36
BRDA:7,3,0,1
BRDA:7,3,1,0
BRDA:8,4,0,0
BRDA:8,4,1,49
BRDA:12,5,0,20
BRDA:12,5,1,12
BRDA:14,6,0,20
BRDA:14,6,1,12
BRDA:14,6,2,6
BRDA:19,7,0,4
BRDA:19,7,1,2
BRDA:19,7,2,2
BRDA:27,8,0,2
BRDA:27,8,1,7
BRDA:27,9,0,9
BRDA:27,9,1,8
BRDA:27,9,2,7
BRDA:28,10,0,7
BRDA:28,10,1,6
BRDA:35,11,0,1
BRDA:35,11,1,2
BRDA:35,12,0,3
BRDA:35,12,1,1
BRDA:36,13,0,1
BRDA:36,13,1,1
BRDA:36,14,0,2
BRDA:36,14,1,2
BRDA:36,14,2,2
BRDA:36,15,0,1
BRDA:36,15,1,0
BRF:36
BRH:33
end_of_record
TN:
SF:src/utils/workplaceCategoryUtils.js
FN:7,parseWorkplaceCategories
FN:15,(anonymous_1)
FN:39,getWorkplaceCategoriesFromSettings
FN:40,(anonymous_3)
FN:44,getWorkplaceCategoryNames
FN:45,(anonymous_5)
FN:48,categoryAllowsMultiple
FN:53,(anonymous_7)
FN:57,workplaceAllowsMultiple
FNF:9
FNH:9
FNDA:15,parseWorkplaceCategories
FNDA:12,(anonymous_1)
FNDA:6,getWorkplaceCategoriesFromSettings
FNDA:3,(anonymous_3)
FNDA:1,getWorkplaceCategoryNames
FNDA:2,(anonymous_5)
FNDA:8,categoryAllowsMultiple
FNDA:1,(anonymous_7)
FNDA:5,workplaceAllowsMultiple
DA:1,2
DA:8,15
DA:10,8
DA:11,8
DA:12,8
DA:14,6
DA:16,12
DA:17,9
DA:18,9
DA:21,3
DA:22,2
DA:23,2
DA:25,1
DA:31,1
DA:35,1
DA:40,6
DA:41,6
DA:45,2
DA:49,8
DA:50,6
DA:53,2
DA:54,2
DA:58,5
DA:59,4
DA:60,2
DA:63,2
LF:26
LH:26
BRDA:8,0,0,7
BRDA:8,0,1,8
BRDA:12,1,0,1
BRDA:12,1,1,7
BRDA:16,2,0,9
BRDA:16,2,1,3
BRDA:18,3,0,7
BRDA:18,3,1,2
BRDA:21,4,0,2
BRDA:21,4,1,1
BRDA:21,5,0,3
BRDA:21,5,1,2
BRDA:23,6,0,1
BRDA:23,6,1,1
BRDA:39,7,0,6
BRDA:44,8,0,1
BRDA:48,9,0,8
BRDA:49,10,0,6
BRDA:49,10,1,2
BRDA:54,11,0,2
BRDA:54,11,1,1
BRDA:57,12,0,5
BRDA:58,13,0,1
BRDA:58,13,1,4
BRDA:59,14,0,2
BRDA:59,14,1,2
BRDA:59,15,0,4
BRDA:59,15,1,3
BRF:28
BRH:28
end_of_record
